Unity Editor version:    6000.3.8f1 (1c7db571dde0)
Branch:                  6000.3/staging
Build type:              Release
Batch mode:              YES
macOS version:           Version 26.1 (Build 25B78)
Darwin version:          25.1.0
Architecture:            arm64
Running under Rosetta:   NO
Available memory:        32768 MB
Date:                    2026-02-17T18:32:27Z
[Licensing::Module] Trying to connect to existing licensing client channel...
[Licensing::IpcConnector] Successfully connected to: "LicenseClient-hlebhlyaba" at "2026-02-17T18:32:27.87099Z"

COMMAND LINE ARGUMENTS:
/Applications/Unity/Hub/Editor/6000.3.8f1/Unity.app/Contents/MacOS/Unity
-adb2
-batchMode
-noUpm
-name
AssetImportWorker0
-projectPath
/Users/hlebhlyaba/Documents/Hex_Module
-logFile
Logs/AssetImportWorker0.log
-srvPort
51136
-licensingIpc
LicenseClient-hlebhlyaba
-job-worker-count
4
-background-job-worker-count
8
-gc-helper-count
1
-name AssetImport
Successfully changed project path to: /Users/hlebhlyaba/Documents/Hex_Module
/Users/hlebhlyaba/Documents/Hex_Module
[UnityMemory] Configuration Parameters - Can be set up in boot.config
    "memorysetup-allocator-temp-initial-block-size-main=262144"
    "memorysetup-allocator-temp-initial-block-size-worker=262144"
    "memorysetup-temp-allocator-size-background-worker=32768"
    "memorysetup-temp-allocator-size-job-worker=262144"
    "memorysetup-temp-allocator-size-preload-manager=33554432"
    "memorysetup-temp-allocator-size-nav-mesh-worker=65536"
    "memorysetup-temp-allocator-size-audio-worker=65536"
    "memorysetup-temp-allocator-size-cloud-worker=32768"
    "memorysetup-bucket-allocator-granularity=16"
    "memorysetup-bucket-allocator-bucket-count=8"
    "memorysetup-bucket-allocator-block-size=33554432"
    "memorysetup-bucket-allocator-block-count=8"
    "memorysetup-main-allocator-block-size=16777216"
    "memorysetup-thread-allocator-block-size=16777216"
    "memorysetup-gfx-main-allocator-block-size=16777216"
    "memorysetup-gfx-thread-allocator-block-size=16777216"
    "memorysetup-cache-allocator-block-size=4194304"
    "memorysetup-typetree-allocator-block-size=2097152"
    "memorysetup-profiler-bucket-allocator-granularity=16"
    "memorysetup-profiler-bucket-allocator-bucket-count=8"
    "memorysetup-profiler-bucket-allocator-block-size=33554432"
    "memorysetup-profiler-bucket-allocator-block-count=8"
    "memorysetup-profiler-allocator-block-size=16777216"
    "memorysetup-profiler-editor-allocator-block-size=1048576"
    "memorysetup-temp-allocator-size-main=16777216"
    "memorysetup-job-temp-allocator-block-size=2097152"
    "memorysetup-job-temp-allocator-block-size-background=1048576"
    "memorysetup-job-temp-allocator-reduction-small-platforms=262144"
    "memorysetup-temp-allocator-size-gi-baking-worker=262144"
    "memorysetup-temp-allocator-size-gi-baking-worker=262144"
    "memorysetup-temp-allocator-size-gi-baking-worker=262144"
    "memorysetup-temp-allocator-size-gi-baking-worker=262144"
    "memorysetup-temp-allocator-size-gi-baking-worker=262144"
    "memorysetup-temp-allocator-size-gfx=262144"
Player connection [8517443712]  Target information:

Player connection [8517443712]  * "[IP] 192.168.0.172 [Port] 0 [Flags] 2 [Guid] 580041736 [EditorId] 580041736 [Version] 1048832 [Id] OSXEditor(0,Hlebs-MacBook-Pro.local) [Debug] 1 [PackageName] OSXEditor [ProjectName] Editor" 

Player connection [8517443712] Host joined multi-casting on [225.0.0.222:54997]...
Player connection [8517443712] Host joined alternative multi-casting on [225.0.0.222:34997]...
JobSystem: Creating JobQueue using job-worker-count value 4
Input System module state changed to: Initialized.
[Physics::Module] Initialized fallback backend.
[Physics::Module] Id: 0xdecafbad
Library Redirect Path: Library/
[Physics::Module] Selected backend.
[Physics::Module] Name: PhysX
[Physics::Module] Id: 0xf2b8ea05
[Physics::Module] SDK Version: 4.1.2
[Physics::Module] Integration Version: 1.0.0
[Physics::Module] Threading Mode: Multi-Threaded
Refreshing native plugins compatible for Editor in 0.00 ms, found 0 plugins.
Preloading 0 native plugins for Editor in 0.00 ms.
Initialize engine version: 6000.3.8f1 (1c7db571dde0)
[Subsystems] Discovering subsystems at path /Applications/Unity/Hub/Editor/6000.3.8f1/Unity.app/Contents/Resources/UnitySubsystems
[Subsystems] Discovering subsystems at path /Users/hlebhlyaba/Documents/Hex_Module/Assets
GfxDevice: creating device client; kGfxThreadingModeNonThreaded
 preferred device: Apple M1 Max (high power)
Metal devices available: 1
0: Apple M1 Max (high power)
Using device Apple M1 Max (high power)
Initializing Metal device caps: Apple M1 Max
Mac GPU Family: 2
Apple GPU Family: 7
MSL Version: 3.0
Has Float MSAA: 1
Has Float Filtering: 1
ReadWrite Texture Tier: 2
Initialize mono
Mono path[0] = '/Applications/Unity/Hub/Editor/6000.3.8f1/Unity.app/Contents/Resources/Scripting/Managed'
Mono path[1] = '/Applications/Unity/Hub/Editor/6000.3.8f1/Unity.app/Contents/Resources/Scripting/MonoBleedingEdge/lib/mono/unityjit-macos'
Mono config path = '/Applications/Unity/Hub/Editor/6000.3.8f1/Unity.app/Contents/Resources/Scripting/MonoBleedingEdge/etc'
Using monoOptions --debugger-agent=transport=dt_socket,embedding=1,server=y,suspend=n,address=127.0.0.1:56247
Begin MonoManager ReloadAssembly
Registering precompiled unity dll's ...
Register platform support module: /Applications/Unity/Hub/Editor/6000.3.8f1/PlaybackEngines/WebGLSupport/UnityEditor.WebGL.Extensions.dll
Register platform support module: /Applications/Unity/Hub/Editor/6000.3.8f1/Unity.app/Contents/PlaybackEngines/MacStandaloneSupport/UnityEditor.OSXStandalone.Extensions.dll
Registered in 0.000649 seconds.
[Licensing::Client] Handshaking with LicensingClient:
  Version:                 1.17.4+4293ba1
  Session Id:              0759032575074b7fac283b7cf9ee60c4
  Correlation Id:          b6df0713abf213ff100159a287bb53a8
  External correlation Id: 1246828158463335729
  Machine Id:              5TYpgVSdf9u+QuEgBvSJi74OefM=
[Licensing::Module] Successfully connected to LicensingClient on channel: "LicenseClient-hlebhlyaba" (connect: 0.00s, validation: 0.00s, handshake: 0.80s)
[Licensing::IpcConnector] Successfully connected to: "LicenseClient-hlebhlyaba-notifications" at "2026-02-17T18:32:28.669222Z"
[Licensing::Module] Licensing Background thread has ended after 0.80s
- Loaded All Assemblies, in  0.289 seconds
Native extension for OSXStandalone target not found
Native extension for WebGL target not found
ScheduleIndexationOnStartup MainProcess:False IndexOnStartup:True
Mono: successfully reloaded assembly
- Finished resetting the current domain, in  0.328 seconds
Domain Reload Profiling: 617ms
	BeginReloadAssembly (88ms)
		ExecutionOrderSort (0ms)
		DisableScriptedObjects (0ms)
		BackupInstance (0ms)
		ReleaseScriptingObjects (0ms)
		CreateAndSetChildDomain (0ms)
	RebuildCommonClasses (28ms)
	RebuildNativeTypeToScriptingClass (11ms)
	initialDomainReloadingComplete (29ms)
	LoadAllAssembliesAndSetupDomain (133ms)
		LoadAssemblies (88ms)
		RebuildTransferFunctionScriptingTraits (0ms)
		AnalyzeDomain (131ms)
			TypeCache.Refresh (129ms)
				TypeCache.ScanAssembly (119ms)
			BuildScriptInfoCaches (0ms)
			ResolveRequiredComponents (0ms)
	FinalizeReload (328ms)
		ReleaseScriptCaches (0ms)
		RebuildScriptCaches (0ms)
		SetupLoadedEditorAssemblies (298ms)
			LogAssemblyErrors (0ms)
			InitializePlatformSupportModulesInManaged (35ms)
			SetLoadedEditorAssemblies (3ms)
			BeforeProcessingInitializeOnLoad (78ms)
			ProcessInitializeOnLoadAttributes (132ms)
			ProcessInitializeOnLoadMethodAttributes (51ms)
			AfterProcessingInitializeOnLoad (0ms)
			EditorAssembliesLoaded (0ms)
		ExecutionOrderSort2 (0ms)
		AwakeInstancesAfterBackupRestoration (0ms)
[CoreBusinessMetrics] Unexpected thread when updating session info.
========================================================================
Worker process is ready to serve import requests
Import Worker Mode flag is 0x00
Begin MonoManager ReloadAssembly
[Licensing::Client] Successfully resolved entitlement details
[Licensing::Module] License group:
  Id: F4-2XSE-ZV8R-EC3R-APR5-XXXX
  Product: Unity Personal
  Type: ULF
  Expiration: Unlimited
[Licensing::Module] License group:
  Id: 3119476-UnityPersXXXX
  Product: Unity Personal
  Type: Assigned
  Expiration: Unlimited
- Loaded All Assemblies, in  0.239 seconds
Refreshing native plugins compatible for Editor in 0.00 ms, found 0 plugins.
Native extension for OSXStandalone target not found
Native extension for WebGL target not found
ScheduleIndexationOnStartup MainProcess:False IndexOnStartup:True
Mono: successfully reloaded assembly
- Finished resetting the current domain, in  0.314 seconds
Domain Reload Profiling: 553ms
	BeginReloadAssembly (94ms)
		ExecutionOrderSort (0ms)
		DisableScriptedObjects (3ms)
		BackupInstance (0ms)
		ReleaseScriptingObjects (0ms)
		CreateAndSetChildDomain (17ms)
	RebuildCommonClasses (27ms)
	RebuildNativeTypeToScriptingClass (11ms)
	initialDomainReloadingComplete (21ms)
	LoadAllAssembliesAndSetupDomain (86ms)
		LoadAssemblies (110ms)
		RebuildTransferFunctionScriptingTraits (0ms)
		AnalyzeDomain (21ms)
			TypeCache.Refresh (15ms)
				TypeCache.ScanAssembly (11ms)
			BuildScriptInfoCaches (3ms)
			ResolveRequiredComponents (1ms)
	FinalizeReload (314ms)
		ReleaseScriptCaches (0ms)
		RebuildScriptCaches (0ms)
		SetupLoadedEditorAssemblies (240ms)
			LogAssemblyErrors (0ms)
			InitializePlatformSupportModulesInManaged (2ms)
			SetLoadedEditorAssemblies (2ms)
			BeforeProcessingInitializeOnLoad (88ms)
			ProcessInitializeOnLoadAttributes (117ms)
			ProcessInitializeOnLoadMethodAttributes (30ms)
			AfterProcessingInitializeOnLoad (1ms)
			EditorAssembliesLoaded (0ms)
		ExecutionOrderSort2 (0ms)
		AwakeInstancesAfterBackupRestoration (2ms)
Launching external process: /Applications/Unity/Hub/Editor/6000.3.8f1/Unity.app/Contents/Helpers/UnityShaderCompiler
Launched and connected shader compiler UnityShaderCompiler after 0.03 seconds
Refreshing native plugins compatible for Editor in 0.00 ms, found 0 plugins.
Preloading 0 native plugins for Editor in 0.00 ms.
Unloading 0 Unused Serialized files (Serialized files now loaded: 0)
Unloading 821 unused Assets / (261.0 KB). Loaded Objects now: 1413.
Memory consumption went from 63.3 MB to 63.1 MB.
Total: 4.168041 ms (FindLiveObjects: 0.058875 ms CreateObjectMapping: 0.021208 ms MarkObjects: 3.907250 ms  DeleteObjects: 0.180042 ms)

========================================================================
Received Import Request.
  Time since last request: 1142818.141024 seconds.
  path: Assets/_Game/Core/DictionaryDatabase.cs
  artifactKey: Guid(7ed8a1b5d42134a2eb75a2aa350071c8) Importer(2089858483,b0f066a214c2f5e87bad3c948f4d605d)
Start importing Assets/_Game/Core/DictionaryDatabase.cs using Guid(7ed8a1b5d42134a2eb75a2aa350071c8) Importer(2089858483,b0f066a214c2f5e87bad3c948f4d605d) (ScriptedImporter) -> (artifact id: '8af031ef6328f6cc768b92af46878bae') in 0.055233125 seconds
Number of updated asset objects reloaded before import = 0Number of asset objects unloaded after import = 0

========================================================================
Received Import Request.
  Time since last request: 0.000047 seconds.
  path: Assets/_Game/UI/LevelHudView.cs
  artifactKey: Guid(c3de70c1f99ff46c1831082b34eddcce) Importer(2089858483,b0f066a214c2f5e87bad3c948f4d605d)
Start importing Assets/_Game/UI/LevelHudView.cs using Guid(c3de70c1f99ff46c1831082b34eddcce) Importer(2089858483,b0f066a214c2f5e87bad3c948f4d605d) (ScriptedImporter) -> (artifact id: 'c9ab1833aa6a292b170c48e4beb25203') in 0.001634167 seconds
Number of updated asset objects reloaded before import = 0Number of asset objects unloaded after import = 0

========================================================================
Received Import Request.
  Time since last request: 0.000114 seconds.
  path: Assets/_Game/Core/ValidationReason.cs
  artifactKey: Guid(cae6b5f4575e644d0b779233619b67c9) Importer(2089858483,b0f066a214c2f5e87bad3c948f4d605d)
Start importing Assets/_Game/Core/ValidationReason.cs using Guid(cae6b5f4575e644d0b779233619b67c9) Importer(2089858483,b0f066a214c2f5e87bad3c948f4d605d) (ScriptedImporter) -> (artifact id: '586d9f2044a5090103e7f175d576615a') in 0.001338459 seconds
Number of updated asset objects reloaded before import = 0Number of asset objects unloaded after import = 0

========================================================================
Received Import Request.
  Time since last request: 0.000111 seconds.
  path: Assets/_Game/Gameplay/SwipeInputController.cs
  artifactKey: Guid(0c8bb7752ce92455c96dec5fabc82394) Importer(2089858483,b0f066a214c2f5e87bad3c948f4d605d)
Start importing Assets/_Game/Gameplay/SwipeInputController.cs using Guid(0c8bb7752ce92455c96dec5fabc82394) Importer(2089858483,b0f066a214c2f5e87bad3c948f4d605d) (ScriptedImporter) -> (artifact id: '54f60444433a34e267c4b1e3f32acf29') in 0.00119375 seconds
Number of updated asset objects reloaded before import = 0Number of asset objects unloaded after import = 0

========================================================================
Received Import Request.
  Time since last request: 0.000070 seconds.
  path: Assets/_Game/Gameplay/GridView.cs
  artifactKey: Guid(1b33a35bfd30c4293b21547c49890c7a) Importer(2089858483,b0f066a214c2f5e87bad3c948f4d605d)
Start importing Assets/_Game/Gameplay/GridView.cs using Guid(1b33a35bfd30c4293b21547c49890c7a) Importer(2089858483,b0f066a214c2f5e87bad3c948f4d605d) (ScriptedImporter) -> (artifact id: '7cd57a0e4a62eb363b919fd4da8cdf28') in 0.001168042 seconds
Number of updated asset objects reloaded before import = 0Number of asset objects unloaded after import = 0

========================================================================
Received Import Request.
  Time since last request: 0.000057 seconds.
  path: Assets/_Game/Core/CellDefinition.cs
  artifactKey: Guid(3d49eb2582ae446afb51b44daacf9d18) Importer(2089858483,b0f066a214c2f5e87bad3c948f4d605d)
Start importing Assets/_Game/Core/CellDefinition.cs using Guid(3d49eb2582ae446afb51b44daacf9d18) Importer(2089858483,b0f066a214c2f5e87bad3c948f4d605d) (ScriptedImporter) -> (artifact id: '86049ba72c2d2adeca048b9dc4c00fe2') in 0.0011015 seconds
Number of updated asset objects reloaded before import = 0Number of asset objects unloaded after import = 0

========================================================================
Received Import Request.
  Time since last request: 0.000060 seconds.
  path: Assets/_Game/Core/ValidationMode.cs
  artifactKey: Guid(01ca4ca7237dc465188ec82dd72ddfd3) Importer(2089858483,b0f066a214c2f5e87bad3c948f4d605d)
Start importing Assets/_Game/Core/ValidationMode.cs using Guid(01ca4ca7237dc465188ec82dd72ddfd3) Importer(2089858483,b0f066a214c2f5e87bad3c948f4d605d) (ScriptedImporter) -> (artifact id: 'a42700e7e5bce7e99de206c973ea62cd') in 0.001022709 seconds
Number of updated asset objects reloaded before import = 0Number of asset objects unloaded after import = 0

========================================================================
Received Import Request.
  Time since last request: 0.000119 seconds.
  path: Assets/_Game/Core/WordNormalizer.cs
  artifactKey: Guid(344a7cba7a7b745a7ab6f33092158211) Importer(2089858483,b0f066a214c2f5e87bad3c948f4d605d)
Start importing Assets/_Game/Core/WordNormalizer.cs using Guid(344a7cba7a7b745a7ab6f33092158211) Importer(2089858483,b0f066a214c2f5e87bad3c948f4d605d) (ScriptedImporter) -> (artifact id: 'bf8d3d8a727c735b6406bf054c17053d') in 0.001319834 seconds
Number of updated asset objects reloaded before import = 0Number of asset objects unloaded after import = 0

========================================================================
Received Import Request.
  Time since last request: 0.000121 seconds.
  path: Assets/_Game/Core/LevelDefinition.cs
  artifactKey: Guid(9ccbc913918834c06b17a8fff374cffa) Importer(2089858483,b0f066a214c2f5e87bad3c948f4d605d)
Start importing Assets/_Game/Core/LevelDefinition.cs using Guid(9ccbc913918834c06b17a8fff374cffa) Importer(2089858483,b0f066a214c2f5e87bad3c948f4d605d) (ScriptedImporter) -> (artifact id: '8c4b0d060a2d1a33f95712154d196e25') in 0.0013495 seconds
Number of updated asset objects reloaded before import = 0Number of asset objects unloaded after import = 0

========================================================================
Received Import Request.
  Time since last request: 0.000153 seconds.
  path: Assets/_Game/Core/IAdjacencyService.cs
  artifactKey: Guid(9da55a631e0ee474db19ef707fcf0598) Importer(2089858483,b0f066a214c2f5e87bad3c948f4d605d)
Start importing Assets/_Game/Core/IAdjacencyService.cs using Guid(9da55a631e0ee474db19ef707fcf0598) Importer(2089858483,b0f066a214c2f5e87bad3c948f4d605d) (ScriptedImporter) -> (artifact id: '99e281f1b9cc1c5d187774d27a7c6f62') in 0.001380625 seconds
Number of updated asset objects reloaded before import = 0Number of asset objects unloaded after import = 0

========================================================================
Received Import Request.
  Time since last request: 0.000088 seconds.
  path: Assets/_Game/Core/IScoreService.cs
  artifactKey: Guid(0f01593fc7bdd450c917a7952e0e0a47) Importer(2089858483,b0f066a214c2f5e87bad3c948f4d605d)
Start importing Assets/_Game/Core/IScoreService.cs using Guid(0f01593fc7bdd450c917a7952e0e0a47) Importer(2089858483,b0f066a214c2f5e87bad3c948f4d605d) (ScriptedImporter) -> (artifact id: 'b8d178fd139b952948269262c9c122b3') in 0.001115084 seconds
Number of updated asset objects reloaded before import = 0Number of asset objects unloaded after import = 0

========================================================================
Received Import Request.
  Time since last request: 0.000083 seconds.
  path: Assets/_Game/Core/DictionaryEntry.cs
  artifactKey: Guid(eb0252ade48a9451d9e1b7755c6477cc) Importer(2089858483,b0f066a214c2f5e87bad3c948f4d605d)
Start importing Assets/_Game/Core/DictionaryEntry.cs using Guid(eb0252ade48a9451d9e1b7755c6477cc) Importer(2089858483,b0f066a214c2f5e87bad3c948f4d605d) (ScriptedImporter) -> (artifact id: '7f363489c0c33d54253a25fd8f73a6d2') in 0.001198958 seconds
Number of updated asset objects reloaded before import = 0Number of asset objects unloaded after import = 0

========================================================================
Received Import Request.
  Time since last request: 0.000068 seconds.
  path: Assets/_Game/Gameplay/HexCellView.cs
  artifactKey: Guid(7469d4e7898d84509919855a9e12011e) Importer(2089858483,b0f066a214c2f5e87bad3c948f4d605d)
Start importing Assets/_Game/Gameplay/HexCellView.cs using Guid(7469d4e7898d84509919855a9e12011e) Importer(2089858483,b0f066a214c2f5e87bad3c948f4d605d) (ScriptedImporter) -> (artifact id: 'cbf736b25b4750a8b6d728e20c8c56e4') in 0.001339667 seconds
Number of updated asset objects reloaded before import = 0Number of asset objects unloaded after import = 0

========================================================================
Received Import Request.
  Time since last request: 0.000082 seconds.
  path: Assets/_Game/Gameplay/LevelSessionController.cs
  artifactKey: Guid(36c99b375c9784b8086696b89012e43c) Importer(2089858483,b0f066a214c2f5e87bad3c948f4d605d)
Start importing Assets/_Game/Gameplay/LevelSessionController.cs using Guid(36c99b375c9784b8086696b89012e43c) Importer(2089858483,b0f066a214c2f5e87bad3c948f4d605d) (ScriptedImporter) -> (artifact id: '6ab7bfb404bc8328cdf190614de6c18b') in 0.00097225 seconds
Number of updated asset objects reloaded before import = 0Number of asset objects unloaded after import = 0

========================================================================
Received Prepare
Refreshing native plugins compatible for Editor in 0.00 ms, found 0 plugins.
Preloading 0 native plugins for Editor in 0.00 ms.
Unloading 0 Unused Serialized files (Serialized files now loaded: 0)
Unloading 830 unused Assets / (32.0 KB). Loaded Objects now: 1426.
Memory consumption went from 64.2 MB to 64.2 MB.
Total: 6.422542 ms (FindLiveObjects: 0.088334 ms CreateObjectMapping: 0.022083 ms MarkObjects: 6.198250 ms  DeleteObjects: 0.113125 ms)

Prepare: number of updated asset objects reloaded= 0
========================================================================
Received Import Request.
  Time since last request: 995.728182 seconds.
  path: Assets/Tests/EditMode/HexWordsCoreTests.cs
  artifactKey: Guid(9864168d07c654194b371e30458f760c) Importer(2089858483,b0f066a214c2f5e87bad3c948f4d605d)
Start importing Assets/Tests/EditMode/HexWordsCoreTests.cs using Guid(9864168d07c654194b371e30458f760c) Importer(2089858483,b0f066a214c2f5e87bad3c948f4d605d) (ScriptedImporter) -> (artifact id: '2a2139eaba911c000d14b67bba402cf7') in 0.012769084 seconds
Number of updated asset objects reloaded before import = 0Number of asset objects unloaded after import = 0

========================================================================
Received Import Request.
  Time since last request: 0.000281 seconds.
  path: Assets/_Game/Editor/HexWordsLevelEditorWindow.cs
  artifactKey: Guid(9138e87aaa35d4251a5a9830ae3b19b9) Importer(2089858483,b0f066a214c2f5e87bad3c948f4d605d)
Start importing Assets/_Game/Editor/HexWordsLevelEditorWindow.cs using Guid(9138e87aaa35d4251a5a9830ae3b19b9) Importer(2089858483,b0f066a214c2f5e87bad3c948f4d605d) (ScriptedImporter) -> (artifact id: 'a492e7e652782b24678eb8804ffddd71') in 0.001839 seconds
Number of updated asset objects reloaded before import = 0Number of asset objects unloaded after import = 0

========================================================================
Received Import Request.
  Time since last request: 0.000067 seconds.
  path: Assets/_Game/Editor/PreviewPlayContext.cs
  artifactKey: Guid(df84da5ed0f19489e9a824b26c76e2c1) Importer(2089858483,b0f066a214c2f5e87bad3c948f4d605d)
Start importing Assets/_Game/Editor/PreviewPlayContext.cs using Guid(df84da5ed0f19489e9a824b26c76e2c1) Importer(2089858483,b0f066a214c2f5e87bad3c948f4d605d) (ScriptedImporter) -> (artifact id: '9057117e353ea33007e0580a2c6b8219') in 0.001722625 seconds
Number of updated asset objects reloaded before import = 0Number of asset objects unloaded after import = 0

========================================================================
Received Import Request.
  Time since last request: 0.001611 seconds.
  path: Assets/_Game/Data/Source/level_cells.csv
  artifactKey: Guid(33e69336896964d49b19436532155e75) Importer(2089858483,b0f066a214c2f5e87bad3c948f4d605d)
Start importing Assets/_Game/Data/Source/level_cells.csv using Guid(33e69336896964d49b19436532155e75) Importer(2089858483,b0f066a214c2f5e87bad3c948f4d605d) (ScriptedImporter) -> (artifact id: 'a25d38eb78fad518ed250e42f66efc67') in 0.001721375 seconds
Number of updated asset objects reloaded before import = 0Number of asset objects unloaded after import = 1

========================================================================
Received Import Request.
  Time since last request: 0.000070 seconds.
  path: Assets/_Game/Editor/CsvUtility.cs
  artifactKey: Guid(943207021054e4b13abb2125c7fd2110) Importer(2089858483,b0f066a214c2f5e87bad3c948f4d605d)
Start importing Assets/_Game/Editor/CsvUtility.cs using Guid(943207021054e4b13abb2125c7fd2110) Importer(2089858483,b0f066a214c2f5e87bad3c948f4d605d) (ScriptedImporter) -> (artifact id: '177e4afb289c411df734523862c58823') in 0.002776166 seconds
Number of updated asset objects reloaded before import = 0Number of asset objects unloaded after import = 0

========================================================================
Received Import Request.
  Time since last request: 420.985792 seconds.
  path: Assets/_Game/Core
  artifactKey: Guid(844871d3f60c144298c148cfbafe25f3) Importer(815301076,1909f56bfc062723c751e8b465ee728b)
Start importing Assets/_Game/Core using Guid(844871d3f60c144298c148cfbafe25f3) Importer(815301076,1909f56bfc062723c751e8b465ee728b) (PreviewImporter) -> (artifact id: 'fea13df78d9e41677064cc6068e19a5b') in 0.000904375 seconds
Number of updated asset objects reloaded before import = 0Number of asset objects unloaded after import = 0

========================================================================
Received Import Request.
  Time since last request: 0.755522 seconds.
  path: Assets/_Game/Gameplay
  artifactKey: Guid(ab28f6386313d4d2abe6d5d6fa02443b) Importer(815301076,1909f56bfc062723c751e8b465ee728b)
Start importing Assets/_Game/Gameplay using Guid(ab28f6386313d4d2abe6d5d6fa02443b) Importer(815301076,1909f56bfc062723c751e8b465ee728b) (PreviewImporter) -> (artifact id: '52fd7cf4c0e8d6c26363f6c23ae618e0') in 0.000396708 seconds
Number of updated asset objects reloaded before import = 0Number of asset objects unloaded after import = 0

========================================================================
Received Import Request.
  Time since last request: 4.943912 seconds.
  path: Assets/_Game/UI
  artifactKey: Guid(1528f86df8acc4c4081d99549c7953c2) Importer(815301076,1909f56bfc062723c751e8b465ee728b)
Start importing Assets/_Game/UI using Guid(1528f86df8acc4c4081d99549c7953c2) Importer(815301076,1909f56bfc062723c751e8b465ee728b) (PreviewImporter) -> (artifact id: '89a48a6ed42ee19e6e6bafb914f6d9f9') in 0.000347125 seconds
Number of updated asset objects reloaded before import = 0Number of asset objects unloaded after import = 0

========================================================================
Received Import Request.
  Time since last request: 23.452562 seconds.
  path: Assets/_Game
  artifactKey: Guid(f0bef16b7b81a47abb50c40fb011dc08) Importer(815301076,1909f56bfc062723c751e8b465ee728b)
Start importing Assets/_Game using Guid(f0bef16b7b81a47abb50c40fb011dc08) Importer(815301076,1909f56bfc062723c751e8b465ee728b) (PreviewImporter) -> (artifact id: 'd19d71b0f9b7d1c4ebeddb932de20686') in 0.000366958 seconds
Number of updated asset objects reloaded before import = 0Number of asset objects unloaded after import = 0

========================================================================
Received Prepare
Refreshing native plugins compatible for Editor in 0.00 ms, found 0 plugins.
Preloading 0 native plugins for Editor in 0.00 ms.
Unloading 0 Unused Serialized files (Serialized files now loaded: 0)
Unloading 830 unused Assets / (51.1 KB). Loaded Objects now: 1426.
Memory consumption went from 64.1 MB to 64.1 MB.
Total: 4.207917 ms (FindLiveObjects: 0.056500 ms CreateObjectMapping: 0.021334 ms MarkObjects: 3.998666 ms  DeleteObjects: 0.131000 ms)

Prepare: number of updated asset objects reloaded= 0
========================================================================
Received Import Request.
  Time since last request: 12.568099 seconds.
  path: Assets/Tests/EditMode/LevelPathValidatorTests.cs
  artifactKey: Guid(f988df15c97434a19b90c7d7b5a17083) Importer(2089858483,b0f066a214c2f5e87bad3c948f4d605d)
Start importing Assets/Tests/EditMode/LevelPathValidatorTests.cs using Guid(f988df15c97434a19b90c7d7b5a17083) Importer(2089858483,b0f066a214c2f5e87bad3c948f4d605d) (ScriptedImporter) -> (artifact id: '85c6679ba7737badd9fc854cd674b2d2') in 0.003595792 seconds
Number of updated asset objects reloaded before import = 0Number of asset objects unloaded after import = 0

